<?xml version="1.0" encoding="UTF-8"?>
<!-- Generated by org.testng.reporters.JUnitReportReporter -->
<testsuite hostname="Aakanksha_97" failures="0" tests="1" name="com.demo.selenium.test.RetirementCalculatorTest" time="17.597" errors="0" timestamp="2024-08-20T00:17:04 EDT" skipped="0">
  <testcase classname="com.demo.selenium.test.RetirementCalculatorTest" name="testRetirementCalculator" time="17.597"/>
</testsuite> <!-- com.demo.selenium.test.RetirementCalculatorTest -->
